<?xml version="1.0" encoding="UTF-8" ?>
<testsuite tests="26" failures="2" name="CardPaymentsTest" time="0.039" errors="0" skipped="0">
  <properties>
[...]
</properties>
  <testcase classname="CardPaymentsTest" name="canBuyHeartyWithCardIfFundsSufficient" time="0.033">
    <failure message="When buying a hearty meal from an empty terminal using a card, the money in the payment terminal should remain unchanged and the amount of hearty meals sold should be 1.
 expected:&lt;money: 100[0.0], number of sold aff...&gt; but was:&lt;money: 100[4.3], number of sold aff...&gt;" type="org.junit.ComparisonFailure">org.junit.ComparisonFailure: When buying a hearty meal from an empty terminal using a card, the money in the payment terminal should remain unchanged and the amount of hearty meals sold should be 1.
 expected:&lt;money: 100[0.0], number of sold aff...&gt; but was:&lt;money: 100[4.3], number of sold aff...&gt;
	at org.junit.Assert.assertEquals(Assert.java:115)
	at CardPaymentsTest.canBuyHeartyWithCardIfFundsSufficient(CardPaymentsTest.java:281)
	at java.base/jdk.internal.reflect.NativeMethodAccessorImpl.invoke0(Native Method)
	at java.base/jdk.internal.reflect.NativeMethodAccessorImpl.invoke(NativeMethodAccessorImpl.java:62)
	at java.base/jdk.internal.reflect.DelegatingMethodAccessorImpl.invoke(DelegatingMethodAccessorImpl.java:43)
	at java.base/java.lang.reflect.Method.invoke(Method.java:566)
	at org.junit.runners.model.FrameworkMethod$1.runReflectiveCall(FrameworkMethod.java:50)
	at org.junit.internal.runners.model.ReflectiveCallable.run(ReflectiveCallable.java:12)
	at org.junit.runners.model.FrameworkMethod.invokeExplosively(FrameworkMethod.java:47)
	at org.junit.internal.runners.statements.InvokeMethod.evaluate(InvokeMethod.java:17)
	at org.junit.internal.runners.statements.RunBefores.evaluate(RunBefores.java:26)
	at org.junit.runners.ParentRunner.runLeaf(ParentRunner.java:325)
	at org.junit.runners.BlockJUnit4ClassRunner.runChild(BlockJUnit4ClassRunner.java:78)
	at org.junit.runners.BlockJUnit4ClassRunner.runChild(BlockJUnit4ClassRunner.java:57)
	at org.junit.runners.ParentRunner$3.run(ParentRunner.java:290)
	at org.junit.runners.ParentRunner$1.schedule(ParentRunner.java:71)
	at org.junit.runners.ParentRunner.runChildren(ParentRunner.java:288)
	at org.junit.runners.ParentRunner.access$000(ParentRunner.java:58)
	at org.junit.runners.ParentRunner$2.evaluate(ParentRunner.java:268)
	at org.junit.runners.ParentRunner.run(ParentRunner.java:363)
	at org.apache.maven.surefire.junit4.JUnit4Provider.execute(JUnit4Provider.java:252)
	at org.apache.maven.surefire.junit4.JUnit4Provider.executeTestSet(JUnit4Provider.java:141)
	at org.apache.maven.surefire.junit4.JUnit4Provider.invoke(JUnit4Provider.java:112)
	at java.base/jdk.internal.reflect.NativeMethodAccessorImpl.invoke0(Native Method)
	at java.base/jdk.internal.reflect.NativeMethodAccessorImpl.invoke(NativeMethodAccessorImpl.java:62)
	at java.base/jdk.internal.reflect.DelegatingMethodAccessorImpl.invoke(DelegatingMethodAccessorImpl.java:43)
	at java.base/java.lang.reflect.Method.invoke(Method.java:566)
	at org.apache.maven.surefire.util.ReflectionUtils.invokeMethodWithArray(ReflectionUtils.java:189)
	at org.apache.maven.surefire.booter.ProviderFactory$ProviderProxy.invoke(ProviderFactory.java:165)
	at org.apache.maven.surefire.booter.ProviderFactory.invokeProvider(ProviderFactory.java:85)
	at org.apache.maven.surefire.booter.ForkedBooter.runSuitesInProcess(ForkedBooter.java:115)
	at org.apache.maven.surefire.booter.ForkedBooter.main(ForkedBooter.java:75)
</failure>
  </testcase>
  <testcase classname="CardPaymentsTest" name="addingMoneyIncreasesTheBalanceOnTheCard" time="0"/>
  <testcase classname="CardPaymentsTest" name="successfulExactChangeHearty" time="0"/>
  <testcase classname="CardPaymentsTest" name="successfulAffordable" time="0"/>
  <testcase classname="CardPaymentsTest" name="methodForCardPurchaseHeartyExists" time="0.002"/>
  <testcase classname="CardPaymentsTest" name="canBuyAffordableWithCardIfFundsBarelySufficient" time="0"/>
  <testcase classname="CardPaymentsTest" name="addingNegativeAmountDoesNotChangeCardBalance" time="0"/>
  <testcase classname="CardPaymentsTest" name="successfulExactChangeAffordable" time="0"/>
  <testcase classname="CardPaymentsTest" name="initialMoney1000AndNoSoldLunches" time="0"/>
  <testcase classname="CardPaymentsTest" name="cannotBuyAffordableWithCardIfInsufficientFunds" time="0"/>
  <testcase classname="CardPaymentsTest" name="canBuyAffordableWithCardIfFundsSufficient" time="0"/>
  <testcase classname="CardPaymentsTest" name="successfulHearty" time="0"/>
  <testcase classname="CardPaymentsTest" name="canTakeMoneyFromCardIfBalanceIsEnough" time="0"/>
  <testcase classname="CardPaymentsTest" name="multipleSold" time="0"/>
  <testcase classname="CardPaymentsTest" name="methodForAddingMoneyToCardExists" time="0.001"/>
  <testcase classname="CardPaymentsTest" name="notTooManyObjectVariablesForTerminal1" time="0.001"/>
  <testcase classname="CardPaymentsTest" name="notTooManyObjectVariablesForTerminal2" time="0"/>
  <testcase classname="CardPaymentsTest" name="notTooManyObjectVariablesForTerminal3" time="0"/>
  <testcase classname="CardPaymentsTest" name="methodForCardPurchaseAffordableExists" time="0"/>
  <testcase classname="CardPaymentsTest" name="initialMoneyInPaymentTerminal1000" time="0"/>
  <testcase classname="CardPaymentsTest" name="ifNoMoneyTheSaleFailsAndTerminalUntouched" time="0"/>
  <testcase classname="CardPaymentsTest" name="canBuyHeartyWithCardIfFundsBarelySufficient" time="0.002">
    <failure message="When buying a hearty meal from an empty terminal using a card, the money in the payment terminal should remain unchanged and the amount of hearty meals sold should be 1.  expected:&lt;money: 100[0.0], number of sold aff...&gt; but was:&lt;money: 100[4.3], number of sold aff...&gt;" type="org.junit.ComparisonFailure">org.junit.ComparisonFailure: When buying a hearty meal from an empty terminal using a card, the money in the payment terminal should remain unchanged and the amount of hearty meals sold should be 1.  expected:&lt;money: 100[0.0], number of sold aff...&gt; but was:&lt;money: 100[4.3], number of sold aff...&gt;
	at org.junit.Assert.assertEquals(Assert.java:115)
	at CardPaymentsTest.canBuyHeartyWithCardIfFundsBarelySufficient(CardPaymentsTest.java:299)
	at java.base/jdk.internal.reflect.NativeMethodAccessorImpl.invoke0(Native Method)
	at java.base/jdk.internal.reflect.NativeMethodAccessorImpl.invoke(NativeMethodAccessorImpl.java:62)
	at java.base/jdk.internal.reflect.DelegatingMethodAccessorImpl.invoke(DelegatingMethodAccessorImpl.java:43)
	at java.base/java.lang.reflect.Method.invoke(Method.java:566)
	at org.junit.runners.model.FrameworkMethod$1.runReflectiveCall(FrameworkMethod.java:50)
	at org.junit.internal.runners.model.ReflectiveCallable.run(ReflectiveCallable.java:12)
	at org.junit.runners.model.FrameworkMethod.invokeExplosively(FrameworkMethod.java:47)
	at org.junit.internal.runners.statements.InvokeMethod.evaluate(InvokeMethod.java:17)
	at org.junit.internal.runners.statements.RunBefores.evaluate(RunBefores.java:26)
	at org.junit.runners.ParentRunner.runLeaf(ParentRunner.java:325)
	at org.junit.runners.BlockJUnit4ClassRunner.runChild(BlockJUnit4ClassRunner.java:78)
	at org.junit.runners.BlockJUnit4ClassRunner.runChild(BlockJUnit4ClassRunner.java:57)
	at org.junit.runners.ParentRunner$3.run(ParentRunner.java:290)
	at org.junit.runners.ParentRunner$1.schedule(ParentRunner.java:71)
	at org.junit.runners.ParentRunner.runChildren(ParentRunner.java:288)
	at org.junit.runners.ParentRunner.access$000(ParentRunner.java:58)
	at org.junit.runners.ParentRunner$2.evaluate(ParentRunner.java:268)
	at org.junit.runners.ParentRunner.run(ParentRunner.java:363)
	at org.apache.maven.surefire.junit4.JUnit4Provider.execute(JUnit4Provider.java:252)
	at org.apache.maven.surefire.junit4.JUnit4Provider.executeTestSet(JUnit4Provider.java:141)
	at org.apache.maven.surefire.junit4.JUnit4Provider.invoke(JUnit4Provider.java:112)
	at java.base/jdk.internal.reflect.NativeMethodAccessorImpl.invoke0(Native Method)
	at java.base/jdk.internal.reflect.NativeMethodAccessorImpl.invoke(NativeMethodAccessorImpl.java:62)
	at java.base/jdk.internal.reflect.DelegatingMethodAccessorImpl.invoke(DelegatingMethodAccessorImpl.java:43)
	at java.base/java.lang.reflect.Method.invoke(Method.java:566)
	at org.apache.maven.surefire.util.ReflectionUtils.invokeMethodWithArray(ReflectionUtils.java:189)
	at org.apache.maven.surefire.booter.ProviderFactory$ProviderProxy.invoke(ProviderFactory.java:165)
	at org.apache.maven.surefire.booter.ProviderFactory.invokeProvider(ProviderFactory.java:85)
	at org.apache.maven.surefire.booter.ForkedBooter.runSuitesInProcess(ForkedBooter.java:115)
	at org.apache.maven.surefire.booter.ForkedBooter.main(ForkedBooter.java:75)
</failure>
  </testcase>
  <testcase classname="CardPaymentsTest" name="cannotBuyHeartyWithCardIfInsufficientFunds" time="0"/>
  <testcase classname="CardPaymentsTest" name="notTooManyObjectVariablesForCard" time="0"/>
  <testcase classname="CardPaymentsTest" name="addingMoneyMultipleTimesWorks" time="0"/>
  <testcase classname="CardPaymentsTest" name="canEmptyCard" time="0"/>
</testsuite>