<?xml version="1.0" encoding="UTF-8" ?>
<testsuite tests="7" failures="0" name="FilmTest" time="0.045" errors="0" skipped="0">
  <properties>
[...]
</properties>
  <testcase classname="FilmTest" name="testAgeRating" time="0.044"/>
  <testcase classname="FilmTest" name="testAgeRating2" time="0"/>
  <testcase classname="FilmTest" name="testName2" time="0"/>
  <testcase classname="FilmTest" name="testName" time="0"/>
  <testcase classname="FilmTest" name="classIsPublic" time="0"/>
  <testcase classname="FilmTest" name="noExtraVariables" time="0"/>
  <testcase classname="FilmTest" name="testConstructor" time="0.001"/>
</testsuite>